[2021-01-04 22:46:02,187 INFO yapapi.executor] Using log file `blender-yapapi.log`; in case of errors look for additional information there
[2021-01-04 22:46:02,819 DEBUG yapapi.events] ComputationStarted()
[2021-01-04 22:46:03,709 DEBUG yapapi.events] SubscriptionCreated(sub_id='68da008b4dab47d0ab59ad6980040127-52a430384f978de89309f3110fcb5d60ad09c2ddaeb127127339eb9c23d05e5e')
[2021-01-04 22:46:03,709 INFO yapapi.summary] Demand published on the market
[2021-01-04 22:46:03,779 DEBUG yapapi.events] ProposalReceived(prop_id='R-c1344be65f9daac2c132ea2692b6c807328d7408394e67ac63f12ca5fa0b0eb5', provider_id='0x5ec9bc58c5c0c003a8e6eec77a4fe16dcaf71d11')
[2021-01-04 22:46:04,593 DEBUG yapapi.events] ProposalResponded(prop_id='R-c1344be65f9daac2c132ea2692b6c807328d7408394e67ac63f12ca5fa0b0eb5')
[2021-01-04 22:46:04,593 DEBUG yapapi.events] ProposalReceived(prop_id='R-5808be490381924aead1c568fc23d097602374a4385b3ebfbdba91dcce0e0c86', provider_id='0xa5c5d106bf10c6d3ba247e990da99c3d4c59f81e')
[2021-01-04 22:46:04,596 DEBUG yapapi.events] ProposalRejected(prop_id='R-5808be490381924aead1c568fc23d097602374a4385b3ebfbdba91dcce0e0c86', reason=None)
[2021-01-04 22:46:04,596 DEBUG yapapi.events] ProposalReceived(prop_id='R-e5001930101a6135364b7fc3f6456d29dac208220433677aa66531335255cf29', provider_id='0x88a91fbbe2e3af6c046333dd54f1175dbf2a7f60')
[2021-01-04 22:46:04,902 DEBUG yapapi.events] ProposalFailed(prop_id='R-e5001930101a6135364b7fc3f6456d29dac208220433677aa66531335255cf29', reason='(500)\nReason: Internal Server Error\nHTTP response headers: <CIMultiDictProxy(\'Content-Length\': \'441\', \'Content-Type\': \'application/json\', \'Date\': \'Mon, 04 Jan 2021 14:46:04 GMT\')>\nHTTP response body: {"message":"Failed to send counter Proposal for Proposal [R-e5001930101a6135364b7fc3f6456d29dac208220433677aa66531335255cf29]. Error: Countering Proposal [R-dd0453a660bb21df2f413178881338eddf268c1c34bb8cb4a77739ac28677dfe] GSB error: Remote service at `/net/0x88a91fbbe2e3af6c046333dd54f1175dbf2a7f60/market/protocol/mk1/negotiation/provider/proposal/InitialProposalReceived` error: Bad request: No service registered under given address.."}\n')
[2021-01-04 22:46:04,902 DEBUG yapapi.events] ProposalReceived(prop_id='R-e513293c45a9358390ecccf690fd4f755e58a19a5ae0a92dcd24aa0b21714f59', provider_id='0x821dd88b9971c041737a81fcbae9d862f6a7603f')
[2021-01-04 22:46:05,187 DEBUG yapapi.events] ProposalFailed(prop_id='R-e513293c45a9358390ecccf690fd4f755e58a19a5ae0a92dcd24aa0b21714f59', reason='(500)\nReason: Internal Server Error\nHTTP response headers: <CIMultiDictProxy(\'Content-Length\': \'441\', \'Content-Type\': \'application/json\', \'Date\': \'Mon, 04 Jan 2021 14:46:05 GMT\')>\nHTTP response body: {"message":"Failed to send counter Proposal for Proposal [R-e513293c45a9358390ecccf690fd4f755e58a19a5ae0a92dcd24aa0b21714f59]. Error: Countering Proposal [R-20bfab97a86355ffd26b1e409b33855dfe94353d6f55a0044bbe4589f654291d] GSB error: Remote service at `/net/0x821dd88b9971c041737a81fcbae9d862f6a7603f/market/protocol/mk1/negotiation/provider/proposal/InitialProposalReceived` error: Bad request: No service registered under given address.."}\n')
[2021-01-04 22:46:05,187 DEBUG yapapi.events] ProposalReceived(prop_id='R-b8202bee0eb61228db9ffff157698bb46090059bb5f358af257f4d6373c62699', provider_id='0x38cdc7044034fadebc2c884399d383d6b2253a22')
[2021-01-04 22:46:05,768 DEBUG yapapi.events] ProposalFailed(prop_id='R-b8202bee0eb61228db9ffff157698bb46090059bb5f358af257f4d6373c62699', reason='(500)\nReason: Internal Server Error\nHTTP response headers: <CIMultiDictProxy(\'Content-Length\': \'441\', \'Content-Type\': \'application/json\', \'Date\': \'Mon, 04 Jan 2021 14:46:05 GMT\')>\nHTTP response body: {"message":"Failed to send counter Proposal for Proposal [R-b8202bee0eb61228db9ffff157698bb46090059bb5f358af257f4d6373c62699]. Error: Countering Proposal [R-80c2ef1ed5d0bf4be3b53f10227582cbec31c4d2b374567517a62113c6f52b21] GSB error: Remote service at `/net/0x38cdc7044034fadebc2c884399d383d6b2253a22/market/protocol/mk1/negotiation/provider/proposal/InitialProposalReceived` error: Bad request: No service registered under given address.."}\n')
[2021-01-04 22:46:05,769 DEBUG yapapi.events] ProposalReceived(prop_id='R-cc0f70173c1844067ae9bb3cfa90f825bf7569bceeeed1c4f4349505b7126a5d', provider_id='0xafeb186794883ef57572859b84cf89846e1cafe5')
[2021-01-04 22:46:06,357 DEBUG yapapi.events] ProposalResponded(prop_id='R-cc0f70173c1844067ae9bb3cfa90f825bf7569bceeeed1c4f4349505b7126a5d')
[2021-01-04 22:46:06,358 DEBUG yapapi.events] ProposalReceived(prop_id='R-855bc3ea989c522daacb6fe44be8dfdab40f55826a1d7f17e6ee99d98dc0abc6', provider_id='0xe4bbd977ba8368f477116e9ba04d525b756463f7')
[2021-01-04 22:46:06,917 DEBUG yapapi.events] ProposalResponded(prop_id='R-855bc3ea989c522daacb6fe44be8dfdab40f55826a1d7f17e6ee99d98dc0abc6')
[2021-01-04 22:46:06,918 DEBUG yapapi.events] ProposalReceived(prop_id='R-77042e85141ee856d22ca081b087c20e08911a2333a4ef72f7fde6b05dd462a5', provider_id='0xa5c5d106bf10c6d3ba247e990da99c3d4c59f81e')
[2021-01-04 22:46:06,919 DEBUG yapapi.events] ProposalRejected(prop_id='R-77042e85141ee856d22ca081b087c20e08911a2333a4ef72f7fde6b05dd462a5', reason=None)
[2021-01-04 22:46:06,919 DEBUG yapapi.events] ProposalReceived(prop_id='R-31df01933ab1d5a980a0ca40cbe59516d38f8df7b8c5f17b1871df4d6480fa3c', provider_id='0xef72927cde5a9cf2774578050be45c9aaeb4593f')
[2021-01-04 22:46:07,510 DEBUG yapapi.events] ProposalResponded(prop_id='R-31df01933ab1d5a980a0ca40cbe59516d38f8df7b8c5f17b1871df4d6480fa3c')
[2021-01-04 22:46:07,510 DEBUG yapapi.events] ProposalReceived(prop_id='R-6aaa367dbfd2c5f0db8406674c8b73eb79dca584cecbe78757aaeb23e97558c5', provider_id='0x19a9a55416bbd7801e95cbd060845e12e7338330')
[2021-01-04 22:46:08,069 DEBUG yapapi.events] ProposalFailed(prop_id='R-6aaa367dbfd2c5f0db8406674c8b73eb79dca584cecbe78757aaeb23e97558c5', reason='(500)\nReason: Internal Server Error\nHTTP response headers: <CIMultiDictProxy(\'Content-Length\': \'304\', \'Content-Type\': \'application/json\', \'Date\': \'Mon, 04 Jan 2021 14:46:08 GMT\')>\nHTTP response body: {"message":"Failed to send counter Proposal for Proposal [R-6aaa367dbfd2c5f0db8406674c8b73eb79dca584cecbe78757aaeb23e97558c5]. Error: Countering Proposal [P-7cf8244a4deeca561cb9068a6180896cea46e7f0711708e521853e3e24b051c9] remote error: Error: Cannot perform this operation while a transaction is open."}\n')
[2021-01-04 22:46:08,076 DEBUG yapapi.events] ProposalReceived(prop_id='R-372113f676f974b48f05f60fd8e473a5602b24bfb2ed14e34a17c44665b50a83', provider_id='0x99e65622d8d33620e8843c04475ba89038dcf02c')
[2021-01-04 22:46:08,629 DEBUG yapapi.events] ProposalFailed(prop_id='R-372113f676f974b48f05f60fd8e473a5602b24bfb2ed14e34a17c44665b50a83', reason='(500)\nReason: Internal Server Error\nHTTP response headers: <CIMultiDictProxy(\'Content-Length\': \'304\', \'Content-Type\': \'application/json\', \'Date\': \'Mon, 04 Jan 2021 14:46:08 GMT\')>\nHTTP response body: {"message":"Failed to send counter Proposal for Proposal [R-372113f676f974b48f05f60fd8e473a5602b24bfb2ed14e34a17c44665b50a83]. Error: Countering Proposal [P-fcb64e65113920135c241febd88ea0931981d9c2376b8ce99dfe7859967b913c] remote error: Error: Cannot perform this operation while a transaction is open."}\n')
[2021-01-04 22:46:08,629 DEBUG yapapi.events] ProposalReceived(prop_id='R-b1190d62741cb30a1bb0a569afb1c42d7846bbeef9655e20e07aab44c462d878', provider_id='0xe4bbd977ba8368f477116e9ba04d525b756463f7')
[2021-01-04 22:46:09,051 DEBUG yapapi.events] ProposalResponded(prop_id='R-b1190d62741cb30a1bb0a569afb1c42d7846bbeef9655e20e07aab44c462d878')
[2021-01-04 22:46:09,052 DEBUG yapapi.events] ProposalReceived(prop_id='R-946dc57bf4754c2dc6f27c0640fde121235837e9782a90f1705ecfd881ff4fe6', provider_id='0x212523304317a4241d65d969a75f1ff5420e48bf')
[2021-01-04 22:46:09,481 DEBUG yapapi.events] ProposalResponded(prop_id='R-946dc57bf4754c2dc6f27c0640fde121235837e9782a90f1705ecfd881ff4fe6')
[2021-01-04 22:46:09,481 DEBUG yapapi.events] ProposalReceived(prop_id='R-1a71a61fdcf2cc631e04f193e987a75cfa7fe75af8aeff72646d85a93b13e2d6', provider_id='0x3e80bbf91bead11bd6f4428985071ff7f96e996c')
[2021-01-04 22:46:09,820 DEBUG yapapi.events] ProposalResponded(prop_id='R-1a71a61fdcf2cc631e04f193e987a75cfa7fe75af8aeff72646d85a93b13e2d6')
[2021-01-04 22:46:09,820 DEBUG yapapi.events] ProposalReceived(prop_id='R-70a5a4f0375bdcedb699539b5f3b4159827bb989a45c2bbff29c5fa966d70ff1', provider_id='0x97b84844bd3350962cf192b71e9c1be5863c286c')
[2021-01-04 22:46:10,303 DEBUG yapapi.events] ProposalResponded(prop_id='R-70a5a4f0375bdcedb699539b5f3b4159827bb989a45c2bbff29c5fa966d70ff1')
[2021-01-04 22:46:10,304 DEBUG yapapi.events] ProposalReceived(prop_id='R-dbc751ee1cc888753c8418aff2ece4359f0796f29d377c3910b8e0c27412d2a2', provider_id='0xed1ae9439db542288419e3d329cd286364027c82')
[2021-01-04 22:46:10,701 DEBUG yapapi.events] ProposalResponded(prop_id='R-dbc751ee1cc888753c8418aff2ece4359f0796f29d377c3910b8e0c27412d2a2')
[2021-01-04 22:46:10,701 DEBUG yapapi.events] ProposalReceived(prop_id='R-5f83fbf80c6611905a515922db5cb891a3e0eb40fb16058d15c89a880af85ff3', provider_id='0x107f5cdca699c5e349ffba4b048de5fff9d20baf')
[2021-01-04 22:46:11,200 DEBUG yapapi.events] ProposalResponded(prop_id='R-5f83fbf80c6611905a515922db5cb891a3e0eb40fb16058d15c89a880af85ff3')
[2021-01-04 22:46:11,200 DEBUG yapapi.events] ProposalReceived(prop_id='R-89d9987010721f153811218c6865ae253723e7e0d11319da1babdf80140c70b9', provider_id='0x5be9a4e3475f6ad396eb5620b7ef60561314c8bd')
[2021-01-04 22:46:11,783 DEBUG yapapi.events] ProposalResponded(prop_id='R-89d9987010721f153811218c6865ae253723e7e0d11319da1babdf80140c70b9')
[2021-01-04 22:46:11,784 DEBUG yapapi.events] ProposalReceived(prop_id='R-13cfe4ded579ff3100af753e9c5644bb74fa81fa2ee859bc863ed8a2617badf6', provider_id='0xaa10285d671316518b2d4a281068b418b15ce648')
[2021-01-04 22:46:12,134 DEBUG yapapi.events] ProposalResponded(prop_id='R-13cfe4ded579ff3100af753e9c5644bb74fa81fa2ee859bc863ed8a2617badf6')
[2021-01-04 22:46:12,134 DEBUG yapapi.events] ProposalReceived(prop_id='R-1320ef58553cebcfb35f24dc375f4563d853b103d885a58175b334b003700f9b', provider_id='0x4a97cf4475e7b39d8e61584b72fe3f5bc997adf1')
[2021-01-04 22:46:14,384 DEBUG yapapi.events] ProposalResponded(prop_id='R-1320ef58553cebcfb35f24dc375f4563d853b103d885a58175b334b003700f9b')
[2021-01-04 22:46:14,393 DEBUG yapapi.events] ProposalReceived(prop_id='R-7a2708fe1604dde068fd4bdfe0220dde864e848b991fac704a2a99c1bfad315d', provider_id='0x4b5df1f31d7f6a72b725107548eef26a31573489')
[2021-01-04 22:46:14,944 DEBUG yapapi.events] ProposalResponded(prop_id='R-7a2708fe1604dde068fd4bdfe0220dde864e848b991fac704a2a99c1bfad315d')
[2021-01-04 22:46:14,944 DEBUG yapapi.events] ProposalReceived(prop_id='R-15acc49930126e9e4bce76ae21472317f18aee84f9e298569cd1ef2665bd5f04', provider_id='0x1d3c9d52ec79a601cfa425a912d6ca8f3687ab4d')
[2021-01-04 22:46:15,506 DEBUG yapapi.events] ProposalResponded(prop_id='R-15acc49930126e9e4bce76ae21472317f18aee84f9e298569cd1ef2665bd5f04')
[2021-01-04 22:46:15,506 DEBUG yapapi.events] ProposalReceived(prop_id='R-f86f0cbaa0647bbba34df3781496e626cac1cf230411baff742bdcfebf6134d1', provider_id='0x7abf368c5b875953495d12a6ca3270f90bbb36f2')
[2021-01-04 22:46:16,067 DEBUG yapapi.events] ProposalResponded(prop_id='R-f86f0cbaa0647bbba34df3781496e626cac1cf230411baff742bdcfebf6134d1')
[2021-01-04 22:46:16,068 DEBUG yapapi.events] ProposalReceived(prop_id='R-e1235de26d39b1156fc6950e67802a507a146ca5b0b744912b63ae35adc952b1', provider_id='0x5ec9bc58c5c0c003a8e6eec77a4fe16dcaf71d11')
[2021-01-04 22:46:16,803 DEBUG yapapi.events] ProposalResponded(prop_id='R-e1235de26d39b1156fc6950e67802a507a146ca5b0b744912b63ae35adc952b1')
[2021-01-04 22:46:16,803 DEBUG yapapi.events] ProposalReceived(prop_id='R-03f56ab76a44598fbba9c5aeca8ea3efde60235e27c9df36e1e6445f17af7d36', provider_id='0x067bbd86b1912a00d775f58cd55c812c99ad0dd7')
[2021-01-04 22:46:17,465 DEBUG yapapi.events] ProposalResponded(prop_id='R-03f56ab76a44598fbba9c5aeca8ea3efde60235e27c9df36e1e6445f17af7d36')
[2021-01-04 22:46:17,466 DEBUG yapapi.events] ProposalReceived(prop_id='R-bf89795dea0df0890524d968601ff314b97eb04a8f07e59a54c20160b2c0e389', provider_id='0x2d7c495965e68ebe535a8dbe77abb727594fe98a')
[2021-01-04 22:46:18,026 DEBUG yapapi.events] ProposalFailed(prop_id='R-bf89795dea0df0890524d968601ff314b97eb04a8f07e59a54c20160b2c0e389', reason='(500)\nReason: Internal Server Error\nHTTP response headers: <CIMultiDictProxy(\'Content-Length\': \'373\', \'Content-Type\': \'application/json\', \'Date\': \'Mon, 04 Jan 2021 14:46:18 GMT\')>\nHTTP response body: {"message":"Failed to send counter Proposal for Proposal [R-bf89795dea0df0890524d968601ff314b97eb04a8f07e59a54c20160b2c0e389]. Error: Countering Proposal [P-c8183ca3960aaa341ebff2c8609fdf5cc5af8a38be2d1b11daa8ffa7bb9132e5] remote error: Offer/Demand [cfa7e91d611b4cb3bf2ac0210a3159d2-2d3ab6964158d2d0b6bdcc4082c5a132deb78025d0ded356571af3b88bf3f7f5] already unsubscribed."}\n')
[2021-01-04 22:46:18,027 DEBUG yapapi.events] ProposalReceived(prop_id='R-4e3319d009dd2847838fb2f66c10e13cf435eee249846d46a0488d27366a65c2', provider_id='0xef72927cde5a9cf2774578050be45c9aaeb4593f')
[2021-01-04 22:46:18,341 DEBUG yapapi.events] ProposalResponded(prop_id='R-4e3319d009dd2847838fb2f66c10e13cf435eee249846d46a0488d27366a65c2')
[2021-01-04 22:46:18,342 DEBUG yapapi.events] ProposalReceived(prop_id='R-2e0408111485fc2f85cf004f94315459a6f4da585d94cb84e9d23e976353ddc9', provider_id='0x6f37d030f2cb5cb22f310902cbce2ecdf03a52dc')
[2021-01-04 22:46:18,859 DEBUG yapapi.events] ProposalResponded(prop_id='R-2e0408111485fc2f85cf004f94315459a6f4da585d94cb84e9d23e976353ddc9')
[2021-01-04 22:46:18,859 DEBUG yapapi.events] ProposalReceived(prop_id='R-0922cd5cf2216d28b0c60f62f4cc89f464226f03c162dee5e9d8da484ce769c6', provider_id='0x2b30e29b879c30ed17eb8f97ed7017451aa053fa')
[2021-01-04 22:46:19,473 DEBUG yapapi.events] ProposalResponded(prop_id='R-0922cd5cf2216d28b0c60f62f4cc89f464226f03c162dee5e9d8da484ce769c6')
[2021-01-04 22:46:19,474 DEBUG yapapi.events] ProposalReceived(prop_id='R-b11b31b3322178de6cf4d74437453d881fe2a3cfff87dc8f201be7b468bb633f', provider_id='0xaa3ad86b1d28eb528c8db735581609997ee68151')
[2021-01-04 22:46:19,839 DEBUG yapapi.events] ProposalResponded(prop_id='R-b11b31b3322178de6cf4d74437453d881fe2a3cfff87dc8f201be7b468bb633f')
[2021-01-04 22:46:19,844 DEBUG yapapi.events] ProposalReceived(prop_id='R-084cd64e7607acc0c42d31da85319b05c1af89095f7f8fdaa76fbf2ee7a1870b', provider_id='0x4f0067f76b9b630bbd584a382d63820db4f1044e')
[2021-01-04 22:46:20,247 DEBUG yapapi.events] ProposalResponded(prop_id='R-084cd64e7607acc0c42d31da85319b05c1af89095f7f8fdaa76fbf2ee7a1870b')
[2021-01-04 22:46:20,247 DEBUG yapapi.events] ProposalReceived(prop_id='R-873c529afca54c503e5a05e417d72918ec74efce8be3ffb6e9687d8f201a5b9f', provider_id='0x5fd6472263822f4664a6fedd57db42d78ac99670')
[2021-01-04 22:46:20,678 DEBUG yapapi.events] ProposalResponded(prop_id='R-873c529afca54c503e5a05e417d72918ec74efce8be3ffb6e9687d8f201a5b9f')
[2021-01-04 22:46:20,678 DEBUG yapapi.events] ProposalReceived(prop_id='R-d64ce9d8ba0166b73c437ec2fca160e8ab15dbc6acf18af50aab52d31146988e', provider_id='0x4e0dceefd7c43a02e1bb92e352e50722f671d66b')
[2021-01-04 22:46:21,871 DEBUG yapapi.events] ProposalResponded(prop_id='R-d64ce9d8ba0166b73c437ec2fca160e8ab15dbc6acf18af50aab52d31146988e')
[2021-01-04 22:46:21,871 DEBUG yapapi.events] ProposalReceived(prop_id='R-0f224d7e4348431bcdec93efb7d9a241d99007d8ae1bd8af50c5393c995e5c07', provider_id='0xf58ce0bb326804c11aceecbc6c7ba5da1a122659')
[2021-01-04 22:46:22,487 DEBUG yapapi.events] ProposalResponded(prop_id='R-0f224d7e4348431bcdec93efb7d9a241d99007d8ae1bd8af50c5393c995e5c07')
[2021-01-04 22:46:22,487 DEBUG yapapi.events] ProposalReceived(prop_id='R-230ea664dc28f308bbe59f6937e22062492934b924901cabad4d4e3b3f467a54', provider_id='0x212523304317a4241d65d969a75f1ff5420e48bf')
[2021-01-04 22:46:22,487 DEBUG yapapi.events] ProposalConfirmed(prop_id='R-230ea664dc28f308bbe59f6937e22062492934b924901cabad4d4e3b3f467a54')
[2021-01-04 22:46:22,487 INFO yapapi.summary] Received proposals from 1 providers so far
[2021-01-04 22:46:22,488 DEBUG yapapi.events] ProposalReceived(prop_id='R-40e70595df396e1209e72b15afb05137e334f8b2490080ae8cbde95773f2142e', provider_id='0x2d7c495965e68ebe535a8dbe77abb727594fe98a')
[2021-01-04 22:46:23,044 DEBUG yapapi.events] ProposalResponded(prop_id='R-40e70595df396e1209e72b15afb05137e334f8b2490080ae8cbde95773f2142e')
[2021-01-04 22:46:23,045 DEBUG yapapi.events] ProposalReceived(prop_id='R-fc16e82c8d0c9a2df2004d3c34081ff9cdb9f21f07950b71d6b815295d72fdf9', provider_id='0xed1ae9439db542288419e3d329cd286364027c82')
[2021-01-04 22:46:23,045 DEBUG yapapi.events] ProposalConfirmed(prop_id='R-fc16e82c8d0c9a2df2004d3c34081ff9cdb9f21f07950b71d6b815295d72fdf9')
[2021-01-04 22:46:23,045 INFO yapapi.summary] Received proposals from 2 providers so far
[2021-01-04 22:46:23,045 DEBUG yapapi.events] ProposalReceived(prop_id='R-c0bd7bbcc2eeff31084f7fdb63d936561882ec55638063562ca6bf271614cd2c', provider_id='0x3e80bbf91bead11bd6f4428985071ff7f96e996c')
[2021-01-04 22:46:23,045 DEBUG yapapi.events] ProposalConfirmed(prop_id='R-c0bd7bbcc2eeff31084f7fdb63d936561882ec55638063562ca6bf271614cd2c')
[2021-01-04 22:46:23,045 INFO yapapi.summary] Received proposals from 3 providers so far
[2021-01-04 22:46:23,045 DEBUG yapapi.events] ProposalReceived(prop_id='R-a19c5a3aa5eafe1e02f06b865112bd68f55f0f12991153c47c43149750b804f4', provider_id='0x107f5cdca699c5e349ffba4b048de5fff9d20baf')
[2021-01-04 22:46:23,045 DEBUG yapapi.events] ProposalConfirmed(prop_id='R-a19c5a3aa5eafe1e02f06b865112bd68f55f0f12991153c47c43149750b804f4')
[2021-01-04 22:46:23,045 INFO yapapi.summary] Received proposals from 4 providers so far
[2021-01-04 22:46:23,045 DEBUG yapapi.events] ProposalReceived(prop_id='R-bc41483b029595ac58f095f9a9100bebe9e50179e44c3ea6d0a9cf4afa287de6', provider_id='0x97b84844bd3350962cf192b71e9c1be5863c286c')
[2021-01-04 22:46:23,045 DEBUG yapapi.events] ProposalConfirmed(prop_id='R-bc41483b029595ac58f095f9a9100bebe9e50179e44c3ea6d0a9cf4afa287de6')
[2021-01-04 22:46:23,046 INFO yapapi.summary] Received proposals from 5 providers so far
[2021-01-04 22:46:23,051 DEBUG yapapi.events] ProposalReceived(prop_id='R-74d9b743e4cd6582fd8784f2f9bba44eb5ac10d93b5cf294467b4f800c508aed', provider_id='0xaa10285d671316518b2d4a281068b418b15ce648')
[2021-01-04 22:46:23,051 DEBUG yapapi.events] ProposalConfirmed(prop_id='R-74d9b743e4cd6582fd8784f2f9bba44eb5ac10d93b5cf294467b4f800c508aed')
[2021-01-04 22:46:23,051 INFO yapapi.summary] Received proposals from 6 providers so far
[2021-01-04 22:46:23,052 DEBUG yapapi.events] ProposalReceived(prop_id='R-4b88095dee4bf4031cf6d52ab7101636db297bc2d5fe36e19b712bccc353cb2f', provider_id='0x5be9a4e3475f6ad396eb5620b7ef60561314c8bd')
[2021-01-04 22:46:23,052 DEBUG yapapi.events] ProposalConfirmed(prop_id='R-4b88095dee4bf4031cf6d52ab7101636db297bc2d5fe36e19b712bccc353cb2f')
[2021-01-04 22:46:23,052 INFO yapapi.summary] Received proposals from 7 providers so far
[2021-01-04 22:46:23,052 DEBUG yapapi.events] ProposalReceived(prop_id='R-c49b4b52bc5725cbbcd6e471cd935b72796102a8b78b5444a5fa720e62c5c63f', provider_id='0x4a97cf4475e7b39d8e61584b72fe3f5bc997adf1')
[2021-01-04 22:46:23,053 DEBUG yapapi.events] ProposalConfirmed(prop_id='R-c49b4b52bc5725cbbcd6e471cd935b72796102a8b78b5444a5fa720e62c5c63f')
[2021-01-04 22:46:23,053 INFO yapapi.summary] Received proposals from 8 providers so far
[2021-01-04 22:46:23,053 DEBUG yapapi.events] ProposalReceived(prop_id='R-47d98ef3b9c480923139bd627e222d077b1a04017142f4c1bfebd52f5cc9dfde', provider_id='0x4b5df1f31d7f6a72b725107548eef26a31573489')
[2021-01-04 22:46:23,053 DEBUG yapapi.events] ProposalConfirmed(prop_id='R-47d98ef3b9c480923139bd627e222d077b1a04017142f4c1bfebd52f5cc9dfde')
[2021-01-04 22:46:23,054 INFO yapapi.summary] Received proposals from 9 providers so far
[2021-01-04 22:46:23,054 DEBUG yapapi.events] ProposalReceived(prop_id='R-da3dcbda9b9ee6ac7d5ce0c349fd1e331c1e56b28aa88c9aafd68af9bc0d2807', provider_id='0x7abf368c5b875953495d12a6ca3270f90bbb36f2')
[2021-01-04 22:46:23,054 DEBUG yapapi.events] ProposalConfirmed(prop_id='R-da3dcbda9b9ee6ac7d5ce0c349fd1e331c1e56b28aa88c9aafd68af9bc0d2807')
[2021-01-04 22:46:23,054 INFO yapapi.summary] Received proposals from 10 providers so far
[2021-01-04 22:46:23,054 DEBUG yapapi.events] ProposalReceived(prop_id='R-1a807a02ccc2a46dd3391bdc936dbf5a8520b4c4a6a87bf340b1e3db40c03d9a', provider_id='0x5ec9bc58c5c0c003a8e6eec77a4fe16dcaf71d11')
[2021-01-04 22:46:23,054 DEBUG yapapi.events] ProposalConfirmed(prop_id='R-1a807a02ccc2a46dd3391bdc936dbf5a8520b4c4a6a87bf340b1e3db40c03d9a')
[2021-01-04 22:46:23,054 INFO yapapi.summary] Received proposals from 11 providers so far
[2021-01-04 22:46:23,054 DEBUG yapapi.events] ProposalReceived(prop_id='R-473052ab7475bcd6e2a14077e5b25792a483417a483fdddc55afb430e570c8c0', provider_id='0x1d3c9d52ec79a601cfa425a912d6ca8f3687ab4d')
[2021-01-04 22:46:23,055 DEBUG yapapi.events] ProposalConfirmed(prop_id='R-473052ab7475bcd6e2a14077e5b25792a483417a483fdddc55afb430e570c8c0')
[2021-01-04 22:46:23,055 INFO yapapi.summary] Received proposals from 12 providers so far
[2021-01-04 22:46:23,055 DEBUG yapapi.events] ProposalReceived(prop_id='R-5e2f45615782ce4f016409aa5ce50fea7c74ad89df3220477c80ad4569a3c641', provider_id='0xef72927cde5a9cf2774578050be45c9aaeb4593f')
[2021-01-04 22:46:23,055 DEBUG yapapi.events] ProposalConfirmed(prop_id='R-5e2f45615782ce4f016409aa5ce50fea7c74ad89df3220477c80ad4569a3c641')
[2021-01-04 22:46:23,055 INFO yapapi.summary] Received proposals from 13 providers so far
[2021-01-04 22:46:23,055 DEBUG yapapi.events] ProposalReceived(prop_id='R-bf6709fd63405a151eb370510e12799b81913bca0fa48c577dfa7287622742ce', provider_id='0x067bbd86b1912a00d775f58cd55c812c99ad0dd7')
[2021-01-04 22:46:23,055 DEBUG yapapi.events] ProposalConfirmed(prop_id='R-bf6709fd63405a151eb370510e12799b81913bca0fa48c577dfa7287622742ce')
[2021-01-04 22:46:23,055 INFO yapapi.summary] Received proposals from 14 providers so far
[2021-01-04 22:46:23,056 DEBUG yapapi.events] ProposalReceived(prop_id='R-f2baaf4ea02a45412a24e0089b45b0f8b816749910dbc2af6febfef7626dcd9b', provider_id='0x6f37d030f2cb5cb22f310902cbce2ecdf03a52dc')
[2021-01-04 22:46:23,056 DEBUG yapapi.events] ProposalConfirmed(prop_id='R-f2baaf4ea02a45412a24e0089b45b0f8b816749910dbc2af6febfef7626dcd9b')
[2021-01-04 22:46:23,056 INFO yapapi.summary] Received proposals from 15 providers so far
[2021-01-04 22:46:23,059 DEBUG yapapi.events] ProposalReceived(prop_id='R-96f0f5fb5aca1bff7833769f72f0fbbd142fec97379c8a8649ebb413c066d3af', provider_id='0xaa3ad86b1d28eb528c8db735581609997ee68151')
[2021-01-04 22:46:23,059 DEBUG yapapi.events] ProposalConfirmed(prop_id='R-96f0f5fb5aca1bff7833769f72f0fbbd142fec97379c8a8649ebb413c066d3af')
[2021-01-04 22:46:23,059 INFO yapapi.summary] Received proposals from 16 providers so far
[2021-01-04 22:46:23,059 DEBUG yapapi.events] ProposalReceived(prop_id='R-be4615f022830d6cf85a2b9934090317c581266e4297b42a335af44684774949', provider_id='0x4f0067f76b9b630bbd584a382d63820db4f1044e')
[2021-01-04 22:46:23,060 DEBUG yapapi.events] ProposalConfirmed(prop_id='R-be4615f022830d6cf85a2b9934090317c581266e4297b42a335af44684774949')
[2021-01-04 22:46:23,060 INFO yapapi.summary] Received proposals from 17 providers so far
[2021-01-04 22:46:23,060 DEBUG yapapi.events] ProposalReceived(prop_id='R-728d14851d862aa58e6fef16537e860f8de880809c59ca08e107afcd53532d64', provider_id='0x2b30e29b879c30ed17eb8f97ed7017451aa053fa')
[2021-01-04 22:46:23,060 DEBUG yapapi.events] ProposalConfirmed(prop_id='R-728d14851d862aa58e6fef16537e860f8de880809c59ca08e107afcd53532d64')
[2021-01-04 22:46:23,060 INFO yapapi.summary] Received proposals from 18 providers so far
[2021-01-04 22:46:23,060 DEBUG yapapi.events] ProposalReceived(prop_id='R-dc9fb5a40c9242ccc706b96bb3adbf3cde5181ec5e3913a4370f986f9585130d', provider_id='0x5fd6472263822f4664a6fedd57db42d78ac99670')
[2021-01-04 22:46:23,060 DEBUG yapapi.events] ProposalConfirmed(prop_id='R-dc9fb5a40c9242ccc706b96bb3adbf3cde5181ec5e3913a4370f986f9585130d')
[2021-01-04 22:46:23,060 INFO yapapi.summary] Received proposals from 19 providers so far
[2021-01-04 22:46:23,784 DEBUG yapapi.events] AgreementCreated(agr_id='10a9b02b7f75ea4a373a74adf09aa7f32e713f39814735e31da9ce02df40f045', provider_id=NodeInfo(name='cute-winter', subnet_tag='community.3'))
[2021-01-04 22:46:23,784 INFO yapapi.summary] Agreement proposed to provider 'cute-winter'
[2021-01-04 22:46:23,862 DEBUG yapapi.events] ProposalReceived(prop_id='R-9a3ee5b201d422c133218ecd88261d07458af5476b5212e6a6075db428a5d0e8', provider_id='0xf58ce0bb326804c11aceecbc6c7ba5da1a122659')
[2021-01-04 22:46:23,862 DEBUG yapapi.events] ProposalConfirmed(prop_id='R-9a3ee5b201d422c133218ecd88261d07458af5476b5212e6a6075db428a5d0e8')
[2021-01-04 22:46:23,863 INFO yapapi.summary] Received proposals from 20 providers so far
[2021-01-04 22:46:28,007 DEBUG yapapi.events] AgreementConfirmed(agr_id='10a9b02b7f75ea4a373a74adf09aa7f32e713f39814735e31da9ce02df40f045')
[2021-01-04 22:46:28,007 INFO yapapi.summary] Agreement confirmed by provider 'cute-winter'
[2021-01-04 22:46:28,008 DEBUG yapapi.events] WorkerStarted(agr_id='10a9b02b7f75ea4a373a74adf09aa7f32e713f39814735e31da9ce02df40f045')
[2021-01-04 22:46:29,228 DEBUG yapapi.events] ActivityCreated(agr_id='10a9b02b7f75ea4a373a74adf09aa7f32e713f39814735e31da9ce02df40f045', act_id='0ca71c366aa24ab283c5495c372d08af')
[2021-01-04 22:46:29,228 DEBUG yapapi.events] TaskStarted(task_id='1', agr_id='10a9b02b7f75ea4a373a74adf09aa7f32e713f39814735e31da9ce02df40f045', task_data=0)
[2021-01-04 22:46:29,686 DEBUG yapapi.events] ScriptSent(agr_id='10a9b02b7f75ea4a373a74adf09aa7f32e713f39814735e31da9ce02df40f045', task_id='1', cmds=[{'deploy': {}}, {'start': {}}, {'transfer': {'from': 'gftp://0x4e089225f8c9895878d5c1e43de0432e8f16d9ba/24fbea471da821d5273bcbc4223b53a771dc9069f84a87702cca6af423d09059', 'to': 'container:/golem/resource/demo.jpg'}}, {'run': {'entry_point': '/golem/entrypoints/run-blender.sh', 'args': (), 'capture': {'stdout': {'stream': {}}, 'stderr': {'stream': {}}}}}, {'transfer': {'from': 'container:/golem/output/demo.png', 'to': 'gftp://0x4e089225f8c9895878d5c1e43de0432e8f16d9ba/neZXVKcdQy31d0w7LoTNpfyJNz5lBAP9TT6TKtDTVTmNq3sHJqYqKeWZEX0oA9yIW'}}])
[2021-01-04 22:46:29,686 INFO yapapi.summary] Task sent to provider 'cute-winter', task data: 0
[2021-01-04 22:46:42,760 DEBUG yapapi.events] ProposalReceived(prop_id='R-ed6c3b28666b794b350764777253720547432fb7dbbbc9bc012a970a48bdf887', provider_id='0x4f0067f76b9b630bbd584a382d63820db4f1044e')
[2021-01-04 22:46:43,592 DEBUG yapapi.events] ProposalResponded(prop_id='R-ed6c3b28666b794b350764777253720547432fb7dbbbc9bc012a970a48bdf887')
[2021-01-04 22:46:47,628 DEBUG yapapi.events] ProposalReceived(prop_id='R-6b7ebfc02bfe6c755104e290c0fc7a18caa3b6b6ca67760ff3eb3340cbd23d9f', provider_id='0x4f0067f76b9b630bbd584a382d63820db4f1044e')
[2021-01-04 22:46:47,629 DEBUG yapapi.events] ProposalConfirmed(prop_id='R-6b7ebfc02bfe6c755104e290c0fc7a18caa3b6b6ca67760ff3eb3340cbd23d9f')
[2021-01-04 22:46:47,629 INFO yapapi.summary] Received proposals from 20 providers so far
[2021-01-04 22:47:26,148 DEBUG yapapi.events] ProposalReceived(prop_id='R-aae64db8688b43dc4616447fe462b0b847d2ee9d125fd3f9dab11ee8bf547062', provider_id='0xed1ae9439db542288419e3d329cd286364027c82')
[2021-01-04 22:47:27,721 DEBUG yapapi.events] ProposalResponded(prop_id='R-aae64db8688b43dc4616447fe462b0b847d2ee9d125fd3f9dab11ee8bf547062')
[2021-01-04 22:47:36,366 DEBUG yapapi.events] ProposalReceived(prop_id='R-e350001bc6ce52a4a00fd4a55f3813a1249540f1966a94594ee86a600b9f7de5', provider_id='0x5ec9bc58c5c0c003a8e6eec77a4fe16dcaf71d11')
[2021-01-04 22:47:37,004 DEBUG yapapi.events] ProposalResponded(prop_id='R-e350001bc6ce52a4a00fd4a55f3813a1249540f1966a94594ee86a600b9f7de5')
[2021-01-04 22:47:46,582 DEBUG yapapi.events] CommandStdOut(agr_id='10a9b02b7f75ea4a373a74adf09aa7f32e713f39814735e31da9ce02df40f045', task_id='1', cmd_idx=0, output='{"valid":{"Ok":""},"vols":[{"name":"vol-cac78d4c-b861-44c8-b1e9-8867ff829ab2","path":"/golem/resource"},{"name":"vol-98f06abb-7250-4e22-82dd-fd47921c28a9","path":"/golem/output"},{"name":"vol-6f4fc4b3-b370-456f-b55e-28e345fa6f11","path":"/golem/work"}],"startMode":"blocking"}\n')
[2021-01-04 22:47:46,868 DEBUG yapapi.events] CommandExecuted(agr_id='10a9b02b7f75ea4a373a74adf09aa7f32e713f39814735e31da9ce02df40f045', task_id='1', cmd_idx=0, command={'deploy': {}}, success=True, message=None)
[2021-01-04 22:47:46,868 DEBUG yapapi.events] CommandStarted(agr_id='10a9b02b7f75ea4a373a74adf09aa7f32e713f39814735e31da9ce02df40f045', task_id='1', cmd_idx=1, command={'start': {'args': []}})
[2021-01-04 22:47:48,322 DEBUG yapapi.events] CommandExecuted(agr_id='10a9b02b7f75ea4a373a74adf09aa7f32e713f39814735e31da9ce02df40f045', task_id='1', cmd_idx=1, command={'start': {}}, success=True, message=None)
[2021-01-04 22:47:48,323 DEBUG yapapi.events] CommandStarted(agr_id='10a9b02b7f75ea4a373a74adf09aa7f32e713f39814735e31da9ce02df40f045', task_id='1', cmd_idx=2, command={'transfer': {'from': 'gftp://0x4e089225f8c9895878d5c1e43de0432e8f16d9ba/24fbea471da821d5273bcbc4223b53a771dc9069f84a87702cca6af423d09059', 'to': 'container:/golem/resource/demo.jpg', 'format': None, 'depth': None, 'fileset': None}})
[2021-01-04 22:47:49,439 DEBUG yapapi.events] CommandExecuted(agr_id='10a9b02b7f75ea4a373a74adf09aa7f32e713f39814735e31da9ce02df40f045', task_id='1', cmd_idx=2, command={'transfer': {'from': 'gftp://0x4e089225f8c9895878d5c1e43de0432e8f16d9ba/24fbea471da821d5273bcbc4223b53a771dc9069f84a87702cca6af423d09059', 'to': 'container:/golem/resource/demo.jpg'}}, success=True, message=None)
[2021-01-04 22:47:49,440 DEBUG yapapi.events] CommandStarted(agr_id='10a9b02b7f75ea4a373a74adf09aa7f32e713f39814735e31da9ce02df40f045', task_id='1', cmd_idx=3, command={'run': {'entry_point': '/golem/entrypoints/run-blender.sh', 'args': [], 'capture': {'stdout': {'stream': {}}, 'stderr': {'stream': {}}}}})
[2021-01-04 22:47:50,560 DEBUG yapapi.events] CommandExecuted(agr_id='10a9b02b7f75ea4a373a74adf09aa7f32e713f39814735e31da9ce02df40f045', task_id='1', cmd_idx=3, command={'run': {'entry_point': '/golem/entrypoints/run-blender.sh', 'args': (), 'capture': {'stdout': {'stream': {}}, 'stderr': {'stream': {}}}}}, success=True, message=None)
[2021-01-04 22:47:50,560 DEBUG yapapi.events] CommandStarted(agr_id='10a9b02b7f75ea4a373a74adf09aa7f32e713f39814735e31da9ce02df40f045', task_id='1', cmd_idx=4, command={'transfer': {'from': 'container:/golem/output/demo.png', 'to': 'gftp://0x4e089225f8c9895878d5c1e43de0432e8f16d9ba/neZXVKcdQy31d0w7LoTNpfyJNz5lBAP9TT6TKtDTVTmNq3sHJqYqKeWZEX0oA9yIW', 'format': None, 'depth': None, 'fileset': None}})
[2021-01-04 22:49:23,891 DEBUG yapapi.events] CommandExecuted(agr_id='10a9b02b7f75ea4a373a74adf09aa7f32e713f39814735e31da9ce02df40f045', task_id='1', cmd_idx=4, command={'transfer': {'from': 'container:/golem/output/demo.png', 'to': 'gftp://0x4e089225f8c9895878d5c1e43de0432e8f16d9ba/neZXVKcdQy31d0w7LoTNpfyJNz5lBAP9TT6TKtDTVTmNq3sHJqYqKeWZEX0oA9yIW'}}, success=True, message=None)
[2021-01-04 22:49:23,893 DEBUG yapapi.events] GettingResults(agr_id='10a9b02b7f75ea4a373a74adf09aa7f32e713f39814735e31da9ce02df40f045', task_id='1')
[2021-01-04 22:49:23,893 DEBUG yapapi.events] DownloadStarted(path='/golem/output/demo.png')
[2021-01-04 22:49:23,894 DEBUG yapapi.events] DownloadFinished(path='output.png')
[2021-01-04 22:49:23,894 DEBUG yapapi.events] ScriptFinished(agr_id='10a9b02b7f75ea4a373a74adf09aa7f32e713f39814735e31da9ce02df40f045', task_id='1')
[2021-01-04 22:49:23,894 INFO yapapi.summary] Task computed by provider 'cute-winter', task data: 0
[2021-01-04 22:49:23,894 DEBUG yapapi.events] PaymentPrepared(agr_id='10a9b02b7f75ea4a373a74adf09aa7f32e713f39814735e31da9ce02df40f045')
[2021-01-04 22:49:23,894 DEBUG yapapi.events] PaymentQueued(agr_id='10a9b02b7f75ea4a373a74adf09aa7f32e713f39814735e31da9ce02df40f045')
[2021-01-04 22:49:23,895 DEBUG yapapi.events] TaskAccepted(task_id='1', result='output.png')
[2021-01-04 22:49:23,895 DEBUG yapapi.executor] status in-progress=0, have_item=False
[2021-01-04 22:49:23,895 DEBUG yapapi.rest] Closing activity 0ca71c366aa24ab283c5495c372d08af
[2021-01-04 22:49:23,896 DEBUG yapapi.executor] Waiting for 1 workers to finish...
[2021-01-04 22:49:23,896 DEBUG yapapi.events] ComputationFinished(exc_info=None)
[2021-01-04 22:49:23,896 INFO yapapi.summary] Computation finished in 201.1s
[2021-01-04 22:49:23,896 INFO yapapi.summary] Negotiated 1 agreements with 1 providers
[2021-01-04 22:49:23,897 INFO yapapi.summary] Provider 'cute-winter' computed 1 tasks
[2021-01-04 22:49:25,504 DEBUG yapapi.rest] Destroying activity 0ca71c366aa24ab283c5495c372d08af...
[2021-01-04 22:49:26,626 DEBUG yapapi.rest] Activity 0ca71c366aa24ab283c5495c372d08af closed
[2021-01-04 22:49:26,626 DEBUG yapapi.events] PaymentPrepared(agr_id='10a9b02b7f75ea4a373a74adf09aa7f32e713f39814735e31da9ce02df40f045')
[2021-01-04 22:49:26,627 DEBUG yapapi.events] PaymentQueued(agr_id='10a9b02b7f75ea4a373a74adf09aa7f32e713f39814735e31da9ce02df40f045')
[2021-01-04 22:49:26,627 DEBUG yapapi.events] WorkerFinished(agr_id='10a9b02b7f75ea4a373a74adf09aa7f32e713f39814735e31da9ce02df40f045', exc_info=None)
[2021-01-04 22:49:26,869 DEBUG yapapi.events] InvoiceReceived(agr_id='10a9b02b7f75ea4a373a74adf09aa7f32e713f39814735e31da9ce02df40f045', inv_id='fdbd46ee-9861-44a8-9ed8-a9bd1cd78ada', amount='0.09138716288833333')
[2021-01-04 22:49:27,278 DEBUG yapapi.events] PaymentAccepted(agr_id='10a9b02b7f75ea4a373a74adf09aa7f32e713f39814735e31da9ce02df40f045', inv_id='fdbd46ee-9861-44a8-9ed8-a9bd1cd78ada', amount='0.09138716288833333')
[2021-01-04 22:49:27,280 DEBUG yapapi.executor] Waiting for all services to finish...
[2021-01-04 22:49:27,304 DEBUG yapapi.events] ShutdownFinished(exc_info=None)
[2021-01-04 22:49:27,305 INFO yapapi.summary] Total cost: 0.09138716288833333
[2021-01-04 22:49:27,305 INFO yapapi.summary] Executor shut down, total time: 204.5s
